error doing the modularized connect Error: ER_ACCESS_DENIED_ERROR: Access denied for user 'root'@'localhost' (using password: YES)
    at Handshake.Sequence._packetToError (C:\Users\psb\Dropbox\5.2.2-master\5.2.2-master\node_modules\mysql\lib\protocol\sequences\Sequence.js:52:14)
    at Handshake.ErrorPacket (C:\Users\psb\Dropbox\5.2.2-master\5.2.2-master\node_modules\mysql\lib\protocol\sequences\Handshake.js:103:18)
    at Protocol._parsePacket (C:\Users\psb\Dropbox\5.2.2-master\5.2.2-master\node_modules\mysql\lib\protocol\Protocol.js:280:23)
    at Parser.write (C:\Users\psb\Dropbox\5.2.2-master\5.2.2-master\node_modules\mysql\lib\protocol\Parser.js:75:12)
    at Protocol.write (C:\Users\psb\Dropbox\5.2.2-master\5.2.2-master\node_modules\mysql\lib\protocol\Protocol.js:39:16)
    at Socket.<anonymous> (C:\Users\psb\Dropbox\5.2.2-master\5.2.2-master\node_modules\mysql\lib\Connection.js:103:28)
    at emitOne (events.js:96:13)
    at Socket.emit (events.js:188:7)
    at readableAddChunk (_stream_readable.js:176:18)
    at TCP.onread (net.js:547:20)
    --------------------
    at Protocol._enqueue (C:\Users\psb\Dropbox\5.2.2-master\5.2.2-master\node_modules\mysql\lib\protocol\Protocol.js:141:48)
    at Protocol.handshake (C:\Users\psb\Dropbox\5.2.2-master\5.2.2-master\node_modules\mysql\lib\protocol\Protocol.js:52:41)
    at Connection.connect (C:\Users\psb\Dropbox\5.2.2-master\5.2.2-master\node_modules\mysql\lib\Connection.js:130:18)
    at Object.module.exports.createConnection (C:\Users\psb\Dropbox\5.2.2-master\5.2.2-master\models\db.js:19:14)
    at Object.module.exports.authenticateUser (C:\Users\psb\Dropbox\5.2.2-master\5.2.2-master\models\user.js:65:5)
    at exports.home (C:\Users\psb\Dropbox\5.2.2-master\5.2.2-master\controllers\cc.js:36:14)
    at Layer.handle [as handle_request] (C:\Users\psb\Dropbox\5.2.2-master\5.2.2-master\node_modules\express\lib\router\layer.js:95:5)
    at next (C:\Users\psb\Dropbox\5.2.2-master\5.2.2-master\node_modules\express\lib\router\route.js:131:13)
    at Route.dispatch (C:\Users\psb\Dropbox\5.2.2-master\5.2.2-master\node_modules\express\lib\router\route.js:112:3)
    at Layer.handle [as handle_request] (C:\Users\psb\Dropbox\5.2.2-master\5.2.2-master\node_modules\express\lib\router\layer.js:95:5)
