events.js:160
      throw er; // Unhandled 'error' event
      ^

Error: listen EADDRINUSE :::3000
    at Object.exports._errnoException (util.js:1022:11)
    at exports._exceptionWithHostPort (util.js:1045:20)
    at Server._listen2 (net.js:1259:14)
    at listen (net.js:1295:10)
    at Server.listen (net.js:1391:5)
    at Object.<anonymous> (C:\Users\bligh\Dropbox\5.2.2-master\5.2.2-master\app.js:161:18)
    at Module._compile (module.js:570:32)
    at Object.Module._extensions..js (module.js:579:10)
    at Module.load (module.js:487:32)
    at tryModuleLoad (module.js:446:12)
events.js:160
      throw er; // Unhandled 'error' event
      ^

Error: listen EADDRINUSE :::3000
    at Object.exports._errnoException (util.js:1022:11)
    at exports._exceptionWithHostPort (util.js:1045:20)
    at Server._listen2 (net.js:1259:14)
    at listen (net.js:1295:10)
    at Server.listen (net.js:1391:5)
    at Object.<anonymous> (C:\Users\bligh\Dropbox\5.2.2-master\5.2.2-master\app.js:161:18)
    at Module._compile (module.js:570:32)
    at Object.Module._extensions..js (module.js:579:10)
    at Module.load (module.js:487:32)
    at tryModuleLoad (module.js:446:12)
events.js:160
      throw er; // Unhandled 'error' event
      ^

Error: listen EADDRINUSE :::3000
    at Object.exports._errnoException (util.js:1022:11)
    at exports._exceptionWithHostPort (util.js:1045:20)
    at Server._listen2 (net.js:1259:14)
    at listen (net.js:1295:10)
    at Server.listen (net.js:1391:5)
    at Object.<anonymous> (C:\Users\bligh\Dropbox\5.2.2-master\5.2.2-master\app.js:161:18)
    at Module._compile (module.js:570:32)
    at Object.Module._extensions..js (module.js:579:10)
    at Module.load (module.js:487:32)
    at tryModuleLoad (module.js:446:12)
C:\Users\bligh\AppData\Roaming\npm\node_modules\node-windows\lib\wrapper.js:177
    child.send('shutdown');
         ^

TypeError: Cannot read property 'send' of null
    at process.killkid (C:\Users\bligh\AppData\Roaming\npm\node_modules\node-windows\lib\wrapper.js:177:10)
    at emitOne (events.js:96:13)
    at process.emit (events.js:188:7)
    at process.exit (internal/process.js:146:15)
    at monitor (C:\Users\bligh\AppData\Roaming\npm\node_modules\node-windows\lib\wrapper.js:99:17)
    at ChildProcess.<anonymous> (C:\Users\bligh\AppData\Roaming\npm\node_modules\node-windows\lib\wrapper.js:170:5)
    at emitTwo (events.js:106:13)
    at ChildProcess.emit (events.js:191:7)
    at Process.ChildProcess._handle.onexit (internal/child_process.js:215:12)
events.js:160
      throw er; // Unhandled 'error' event
      ^

Error: listen EADDRINUSE :::443
    at Object.exports._errnoException (util.js:1022:11)
    at exports._exceptionWithHostPort (util.js:1045:20)
    at Server._listen2 (net.js:1259:14)
    at listen (net.js:1295:10)
    at Server.listen (net.js:1391:5)
    at Object.<anonymous> (C:\Users\bligh\Dropbox\5.2.2-master\5.2.2-master\app.js:177:34)
    at Module._compile (module.js:570:32)
    at Object.Module._extensions..js (module.js:579:10)
    at Module.load (module.js:487:32)
    at tryModuleLoad (module.js:446:12)
events.js:160
      throw er; // Unhandled 'error' event
      ^

Error: listen EADDRINUSE :::443
    at Object.exports._errnoException (util.js:1022:11)
    at exports._exceptionWithHostPort (util.js:1045:20)
    at Server._listen2 (net.js:1259:14)
    at listen (net.js:1295:10)
    at Server.listen (net.js:1391:5)
    at Object.<anonymous> (C:\Users\bligh\Dropbox\5.2.2-master\5.2.2-master\app.js:177:34)
    at Module._compile (module.js:570:32)
    at Object.Module._extensions..js (module.js:579:10)
    at Module.load (module.js:487:32)
    at tryModuleLoad (module.js:446:12)
events.js:160
      throw er; // Unhandled 'error' event
      ^

Error: listen EADDRINUSE :::3000
    at Object.exports._errnoException (util.js:1022:11)
    at exports._exceptionWithHostPort (util.js:1045:20)
    at Server._listen2 (net.js:1259:14)
    at listen (net.js:1295:10)
    at Server.listen (net.js:1391:5)
    at Object.<anonymous> (C:\Users\bligh\Dropbox\5.2.2-master\5.2.2-master\app.js:161:18)
    at Module._compile (module.js:570:32)
    at Object.Module._extensions..js (module.js:579:10)
    at Module.load (module.js:487:32)
    at tryModuleLoad (module.js:446:12)
C:\Users\bligh\AppData\Roaming\npm\node_modules\node-windows\lib\wrapper.js:177
    child.send('shutdown');
         ^

TypeError: Cannot read property 'send' of null
    at process.killkid (C:\Users\bligh\AppData\Roaming\npm\node_modules\node-windows\lib\wrapper.js:177:10)
    at emitOne (events.js:96:13)
    at process.emit (events.js:188:7)
    at process.exit (internal/process.js:146:15)
    at monitor (C:\Users\bligh\AppData\Roaming\npm\node_modules\node-windows\lib\wrapper.js:99:17)
    at ChildProcess.<anonymous> (C:\Users\bligh\AppData\Roaming\npm\node_modules\node-windows\lib\wrapper.js:170:5)
    at emitTwo (events.js:106:13)
    at ChildProcess.emit (events.js:191:7)
    at Process.ChildProcess._handle.onexit (internal/child_process.js:215:12)
events.js:160
      throw er; // Unhandled 'error' event
      ^

Error: listen EADDRINUSE :::3000
    at Object.exports._errnoException (util.js:1022:11)
    at exports._exceptionWithHostPort (util.js:1045:20)
    at Server._listen2 (net.js:1259:14)
    at listen (net.js:1295:10)
    at Server.listen (net.js:1391:5)
    at Object.<anonymous> (C:\Users\bligh\Dropbox\5.2.2-master\5.2.2-master\app.js:161:18)
    at Module._compile (module.js:570:32)
    at Object.Module._extensions..js (module.js:579:10)
    at Module.load (module.js:487:32)
    at tryModuleLoad (module.js:446:12)
events.js:160
      throw er; // Unhandled 'error' event
      ^

Error: listen EADDRINUSE :::3000
    at Object.exports._errnoException (util.js:1022:11)
    at exports._exceptionWithHostPort (util.js:1045:20)
    at Server._listen2 (net.js:1259:14)
    at listen (net.js:1295:10)
    at Server.listen (net.js:1391:5)
    at Object.<anonymous> (C:\Users\bligh\Dropbox\5.2.2-master\5.2.2-master\app.js:161:18)
    at Module._compile (module.js:570:32)
    at Object.Module._extensions..js (module.js:579:10)
    at Module.load (module.js:487:32)
    at tryModuleLoad (module.js:446:12)
events.js:160
      throw er; // Unhandled 'error' event
      ^

Error: listen EADDRINUSE :::3000
    at Object.exports._errnoException (util.js:1022:11)
    at exports._exceptionWithHostPort (util.js:1045:20)
    at Server._listen2 (net.js:1259:14)
    at listen (net.js:1295:10)
    at Server.listen (net.js:1391:5)
    at Object.<anonymous> (C:\Users\bligh\Dropbox\5.2.2-master\5.2.2-master\app.js:161:18)
    at Module._compile (module.js:570:32)
    at Object.Module._extensions..js (module.js:579:10)
    at Module.load (module.js:487:32)
    at tryModuleLoad (module.js:446:12)
C:\Users\bligh\AppData\Roaming\npm\node_modules\node-windows\lib\wrapper.js:177
    child.send('shutdown');
         ^

TypeError: Cannot read property 'send' of null
    at process.killkid (C:\Users\bligh\AppData\Roaming\npm\node_modules\node-windows\lib\wrapper.js:177:10)
    at emitOne (events.js:96:13)
    at process.emit (events.js:188:7)
    at process.exit (internal/process.js:146:15)
    at monitor (C:\Users\bligh\AppData\Roaming\npm\node_modules\node-windows\lib\wrapper.js:99:17)
    at ChildProcess.<anonymous> (C:\Users\bligh\AppData\Roaming\npm\node_modules\node-windows\lib\wrapper.js:170:5)
    at emitTwo (events.js:106:13)
    at ChildProcess.emit (events.js:191:7)
    at Process.ChildProcess._handle.onexit (internal/child_process.js:215:12)
events.js:160
      throw er; // Unhandled 'error' event
      ^

Error: listen EADDRINUSE :::443
    at Object.exports._errnoException (util.js:1022:11)
    at exports._exceptionWithHostPort (util.js:1045:20)
    at Server._listen2 (net.js:1259:14)
    at listen (net.js:1295:10)
    at Server.listen (net.js:1391:5)
    at Object.<anonymous> (C:\Users\bligh\Dropbox\5.2.2-master\5.2.2-master\app.js:177:34)
    at Module._compile (module.js:570:32)
    at Object.Module._extensions..js (module.js:579:10)
    at Module.load (module.js:487:32)
    at tryModuleLoad (module.js:446:12)
events.js:160
      throw er; // Unhandled 'error' event
      ^

Error: listen EADDRINUSE :::3000
    at Object.exports._errnoException (util.js:1022:11)
    at exports._exceptionWithHostPort (util.js:1045:20)
    at Server._listen2 (net.js:1259:14)
    at listen (net.js:1295:10)
    at Server.listen (net.js:1391:5)
    at Object.<anonymous> (C:\Users\bligh\Dropbox\5.2.2-master\5.2.2-master\app.js:161:18)
    at Module._compile (module.js:570:32)
    at Object.Module._extensions..js (module.js:579:10)
    at Module.load (module.js:487:32)
    at tryModuleLoad (module.js:446:12)
events.js:160
      throw er; // Unhandled 'error' event
      ^

Error: listen EADDRINUSE :::3000
    at Object.exports._errnoException (util.js:1022:11)
    at exports._exceptionWithHostPort (util.js:1045:20)
    at Server._listen2 (net.js:1259:14)
    at listen (net.js:1295:10)
    at Server.listen (net.js:1391:5)
    at Object.<anonymous> (C:\Users\bligh\Dropbox\5.2.2-master\5.2.2-master\app.js:161:18)
    at Module._compile (module.js:570:32)
    at Object.Module._extensions..js (module.js:579:10)
    at Module.load (module.js:487:32)
    at tryModuleLoad (module.js:446:12)
events.js:160
      throw er; // Unhandled 'error' event
      ^

Error: listen EADDRINUSE :::3000
    at Object.exports._errnoException (util.js:1022:11)
    at exports._exceptionWithHostPort (util.js:1045:20)
    at Server._listen2 (net.js:1259:14)
    at listen (net.js:1295:10)
    at Server.listen (net.js:1391:5)
    at Object.<anonymous> (C:\Users\bligh\Dropbox\5.2.2-master\5.2.2-master\app.js:161:18)
    at Module._compile (module.js:570:32)
    at Object.Module._extensions..js (module.js:579:10)
    at Module.load (module.js:487:32)
    at tryModuleLoad (module.js:446:12)
C:\Users\bligh\AppData\Roaming\npm\node_modules\node-windows\lib\wrapper.js:177
    child.send('shutdown');
         ^

TypeError: Cannot read property 'send' of null
    at process.killkid (C:\Users\bligh\AppData\Roaming\npm\node_modules\node-windows\lib\wrapper.js:177:10)
    at emitOne (events.js:96:13)
    at process.emit (events.js:188:7)
    at process.exit (internal/process.js:146:15)
    at monitor (C:\Users\bligh\AppData\Roaming\npm\node_modules\node-windows\lib\wrapper.js:99:17)
    at ChildProcess.<anonymous> (C:\Users\bligh\AppData\Roaming\npm\node_modules\node-windows\lib\wrapper.js:170:5)
    at emitTwo (events.js:106:13)
    at ChildProcess.emit (events.js:191:7)
    at Process.ChildProcess._handle.onexit (internal/child_process.js:215:12)
events.js:160
      throw er; // Unhandled 'error' event
      ^

Error: listen EADDRINUSE :::443
    at Object.exports._errnoException (util.js:1022:11)
    at exports._exceptionWithHostPort (util.js:1045:20)
    at Server._listen2 (net.js:1259:14)
    at listen (net.js:1295:10)
    at Server.listen (net.js:1391:5)
    at Object.<anonymous> (C:\Users\bligh\Dropbox\5.2.2-master\5.2.2-master\app.js:177:34)
    at Module._compile (module.js:570:32)
    at Object.Module._extensions..js (module.js:579:10)
    at Module.load (module.js:487:32)
    at tryModuleLoad (module.js:446:12)
events.js:160
      throw er; // Unhandled 'error' event
      ^

Error: listen EADDRINUSE :::3000
    at Object.exports._errnoException (util.js:1022:11)
    at exports._exceptionWithHostPort (util.js:1045:20)
    at Server._listen2 (net.js:1259:14)
    at listen (net.js:1295:10)
    at Server.listen (net.js:1391:5)
    at Object.<anonymous> (C:\Users\bligh\Dropbox\5.2.2-master\5.2.2-master\app.js:161:18)
    at Module._compile (module.js:570:32)
    at Object.Module._extensions..js (module.js:579:10)
    at Module.load (module.js:487:32)
    at tryModuleLoad (module.js:446:12)
events.js:160
      throw er; // Unhandled 'error' event
      ^

Error: listen EADDRINUSE :::3000
    at Object.exports._errnoException (util.js:1022:11)
    at exports._exceptionWithHostPort (util.js:1045:20)
    at Server._listen2 (net.js:1259:14)
    at listen (net.js:1295:10)
    at Server.listen (net.js:1391:5)
    at Object.<anonymous> (C:\Users\bligh\Dropbox\5.2.2-master\5.2.2-master\app.js:161:18)
    at Module._compile (module.js:570:32)
    at Object.Module._extensions..js (module.js:579:10)
    at Module.load (module.js:487:32)
    at tryModuleLoad (module.js:446:12)
events.js:160
      throw er; // Unhandled 'error' event
      ^

Error: listen EADDRINUSE :::3000
    at Object.exports._errnoException (util.js:1022:11)
    at exports._exceptionWithHostPort (util.js:1045:20)
    at Server._listen2 (net.js:1259:14)
    at listen (net.js:1295:10)
    at Server.listen (net.js:1391:5)
    at Object.<anonymous> (C:\Users\bligh\Dropbox\5.2.2-master\5.2.2-master\app.js:161:18)
    at Module._compile (module.js:570:32)
    at Object.Module._extensions..js (module.js:579:10)
    at Module.load (module.js:487:32)
    at tryModuleLoad (module.js:446:12)
C:\Users\bligh\AppData\Roaming\npm\node_modules\node-windows\lib\wrapper.js:177
    child.send('shutdown');
         ^

TypeError: Cannot read property 'send' of null
    at process.killkid (C:\Users\bligh\AppData\Roaming\npm\node_modules\node-windows\lib\wrapper.js:177:10)
    at emitOne (events.js:96:13)
    at process.emit (events.js:188:7)
    at process.exit (internal/process.js:146:15)
    at monitor (C:\Users\bligh\AppData\Roaming\npm\node_modules\node-windows\lib\wrapper.js:99:17)
    at ChildProcess.<anonymous> (C:\Users\bligh\AppData\Roaming\npm\node_modules\node-windows\lib\wrapper.js:170:5)
    at emitTwo (events.js:106:13)
    at ChildProcess.emit (events.js:191:7)
    at Process.ChildProcess._handle.onexit (internal/child_process.js:215:12)
events.js:160
      throw er; // Unhandled 'error' event
      ^

Error: listen EADDRINUSE :::3000
    at Object.exports._errnoException (util.js:1022:11)
    at exports._exceptionWithHostPort (util.js:1045:20)
    at Server._listen2 (net.js:1259:14)
    at listen (net.js:1295:10)
    at Server.listen (net.js:1391:5)
    at Object.<anonymous> (C:\Users\bligh\Dropbox\5.2.2-master\5.2.2-master\app.js:161:18)
    at Module._compile (module.js:570:32)
    at Object.Module._extensions..js (module.js:579:10)
    at Module.load (module.js:487:32)
    at tryModuleLoad (module.js:446:12)
events.js:160
      throw er; // Unhandled 'error' event
      ^

Error: listen EADDRINUSE :::3000
    at Object.exports._errnoException (util.js:1022:11)
    at exports._exceptionWithHostPort (util.js:1045:20)
    at Server._listen2 (net.js:1259:14)
    at listen (net.js:1295:10)
    at Server.listen (net.js:1391:5)
    at Object.<anonymous> (C:\Users\bligh\Dropbox\5.2.2-master\5.2.2-master\app.js:161:18)
    at Module._compile (module.js:570:32)
    at Object.Module._extensions..js (module.js:579:10)
    at Module.load (module.js:487:32)
    at tryModuleLoad (module.js:446:12)
events.js:160
      throw er; // Unhandled 'error' event
      ^

Error: listen EADDRINUSE :::3000
    at Object.exports._errnoException (util.js:1022:11)
    at exports._exceptionWithHostPort (util.js:1045:20)
    at Server._listen2 (net.js:1259:14)
    at listen (net.js:1295:10)
    at Server.listen (net.js:1391:5)
    at Object.<anonymous> (C:\Users\bligh\Dropbox\5.2.2-master\5.2.2-master\app.js:161:18)
    at Module._compile (module.js:570:32)
    at Object.Module._extensions..js (module.js:579:10)
    at Module.load (module.js:487:32)
    at tryModuleLoad (module.js:446:12)
C:\Users\bligh\AppData\Roaming\npm\node_modules\node-windows\lib\wrapper.js:177
    child.send('shutdown');
         ^

TypeError: Cannot read property 'send' of null
    at process.killkid (C:\Users\bligh\AppData\Roaming\npm\node_modules\node-windows\lib\wrapper.js:177:10)
    at emitOne (events.js:96:13)
    at process.emit (events.js:188:7)
    at process.exit (internal/process.js:146:15)
    at monitor (C:\Users\bligh\AppData\Roaming\npm\node_modules\node-windows\lib\wrapper.js:99:17)
    at ChildProcess.<anonymous> (C:\Users\bligh\AppData\Roaming\npm\node_modules\node-windows\lib\wrapper.js:170:5)
    at emitTwo (events.js:106:13)
    at ChildProcess.emit (events.js:191:7)
    at Process.ChildProcess._handle.onexit (internal/child_process.js:215:12)
