2017-10-20 06:59:28 - Starting C:\Program Files\nodejs\node.exe  --harmony --max_old_space_size=4096 C:\Users\bligh\AppData\Roaming\npm\node_modules\node-windows\lib\wrapper.js --file C:\Users\bligh\Dropbox\5.2.2-master\5.2.2-master\app.js --log "Hello World wrapper" --grow 0.25 --wait 1 --maxrestarts 3 --abortonerror n --stopparentfirst undefined
2017-10-20 06:59:28 - Started 17920
2017-10-20 07:12:31 - Stopping helloworld.exe
2017-10-20 07:12:31 - ProcessKill 17920
2017-10-20 07:12:33 - Shutdown exception
Message:A system shutdown is in progress. (Exception from HRESULT: 0x8007045B)
Stacktrace:   at System.Runtime.InteropServices.Marshal.ThrowExceptionForHRInternal(Int32 errorCode, IntPtr errorInfo)
   at System.Management.ManagementScope.InitializeGuts(Object o)
   at System.Management.ManagementScope.Initialize()
   at System.Management.ManagementObjectSearcher.Initialize()
   at System.Management.ManagementObjectSearcher.Get()
   at winsw.WrapperService.GetChildPids(Int32 pid)
   at winsw.WrapperService.StopProcessAndChildren(Int32 pid)
   at winsw.WrapperService.StopIt()
   at winsw.WrapperService.OnShutdown()
2017-10-20 07:13:15 - Starting C:\Program Files\nodejs\node.exe  --harmony --max_old_space_size=4096 C:\Users\bligh\AppData\Roaming\npm\node_modules\node-windows\lib\wrapper.js --file C:\Users\bligh\Dropbox\5.2.2-master\5.2.2-master\app.js --log "Hello World wrapper" --grow 0.25 --wait 1 --maxrestarts 3 --abortonerror n --stopparentfirst undefined
2017-10-20 07:13:15 - Started 6016
2017-10-20 07:23:30 - Stopping helloworld.exe
2017-10-20 07:23:30 - ProcessKill 6016
2017-10-20 07:23:31 - Found child process: 6028 Name: conhost.exe
2017-10-20 07:23:31 - Found child process: 6396 Name: node.exe
2017-10-20 07:23:31 - Stopping process 6028
2017-10-20 07:23:31 - Send SIGINT 6028
2017-10-20 07:23:31 - SIGINT to 6028 failed - Killing as fallback
2017-10-20 07:23:31 - Stopping process 6396
2017-10-20 07:23:31 - Send SIGINT 6396
2017-10-20 07:23:31 - SIGINT to 6396 failed - Killing as fallback
2017-10-20 07:23:31 - Stopping process 6016
2017-10-20 07:23:31 - Send SIGINT 6016
2017-10-20 07:23:31 - SIGINT to 6016 failed - Killing as fallback
2017-10-20 07:23:31 - Finished helloworld.exe
2017-10-21 09:16:42 - Starting C:\Program Files\nodejs\node.exe  --harmony --max_old_space_size=4096 C:\Users\bligh\AppData\Roaming\npm\node_modules\node-windows\lib\wrapper.js --file C:\Users\bligh\Dropbox\5.2.2-master\5.2.2-master\app.js --log "Hello World wrapper" --grow 0.25 --wait 1 --maxrestarts 3 --abortonerror n --stopparentfirst undefined
2017-10-21 09:16:42 - Started 6244
2017-10-21 09:18:30 - Starting C:\Program Files\nodejs\node.exe  --harmony --max_old_space_size=4096 C:\Users\bligh\AppData\Roaming\npm\node_modules\node-windows\lib\wrapper.js --file C:\Users\bligh\Dropbox\5.2.2-master\5.2.2-master\app.js --log "Hello World wrapper" --grow 0.25 --wait 1 --maxrestarts 3 --abortonerror n --stopparentfirst undefined
2017-10-21 09:18:30 - Started 6664
2017-10-21 10:58:58 - Starting C:\Program Files\nodejs\node.exe  --harmony --max_old_space_size=4096 C:\Users\bligh\AppData\Roaming\npm\node_modules\node-windows\lib\wrapper.js --file C:\Users\bligh\Dropbox\5.2.2-master\5.2.2-master\app.js --log "Hello World wrapper" --grow 0.25 --wait 1 --maxrestarts 3 --abortonerror n --stopparentfirst undefined
2017-10-21 10:59:03 - Started 7312
2017-10-21 11:49:31 - Starting C:\Program Files\nodejs\node.exe  --harmony --max_old_space_size=4096 C:\Users\bligh\AppData\Roaming\npm\node_modules\node-windows\lib\wrapper.js --file C:\Users\bligh\Dropbox\5.2.2-master\5.2.2-master\app.js --log "Hello World wrapper" --grow 0.25 --wait 1 --maxrestarts 3 --abortonerror n --stopparentfirst undefined
2017-10-21 11:49:31 - Started 5260
2017-10-21 12:54:59 - Stopping helloworld.exe
2017-10-21 12:54:59 - ProcessKill 5260
2017-10-21 12:55:02 - Shutdown exception
Message:A system shutdown is in progress. (Exception from HRESULT: 0x8007045B)
Stacktrace:   at System.Runtime.InteropServices.Marshal.ThrowExceptionForHRInternal(Int32 errorCode, IntPtr errorInfo)
   at System.Management.ManagementScope.InitializeGuts(Object o)
   at System.Management.ManagementScope.Initialize()
   at System.Management.ManagementObjectSearcher.Initialize()
   at System.Management.ManagementObjectSearcher.Get()
   at winsw.WrapperService.GetChildPids(Int32 pid)
   at winsw.WrapperService.StopProcessAndChildren(Int32 pid)
   at winsw.WrapperService.StopIt()
   at winsw.WrapperService.OnShutdown()
2017-10-21 12:55:49 - Starting C:\Program Files\nodejs\node.exe  --harmony --max_old_space_size=4096 C:\Users\bligh\AppData\Roaming\npm\node_modules\node-windows\lib\wrapper.js --file C:\Users\bligh\Dropbox\5.2.2-master\5.2.2-master\app.js --log "Hello World wrapper" --grow 0.25 --wait 1 --maxrestarts 3 --abortonerror n --stopparentfirst undefined
2017-10-21 12:55:54 - Started 6040
2017-10-21 13:37:57 - Stopping helloworld.exe
2017-10-21 13:37:57 - ProcessKill 6040
2017-10-21 13:37:58 - Shutdown exception
Message:A system shutdown is in progress. (Exception from HRESULT: 0x8007045B)
Stacktrace:   at System.Runtime.InteropServices.Marshal.ThrowExceptionForHRInternal(Int32 errorCode, IntPtr errorInfo)
   at System.Management.ManagementScope.InitializeGuts(Object o)
   at System.Management.ManagementScope.Initialize()
   at System.Management.ManagementObjectSearcher.Initialize()
   at System.Management.ManagementObjectSearcher.Get()
   at winsw.WrapperService.GetChildPids(Int32 pid)
   at winsw.WrapperService.StopProcessAndChildren(Int32 pid)
   at winsw.WrapperService.StopIt()
   at winsw.WrapperService.OnShutdown()
2017-10-21 13:38:40 - Starting C:\Program Files\nodejs\node.exe  --harmony --max_old_space_size=4096 C:\Users\bligh\AppData\Roaming\npm\node_modules\node-windows\lib\wrapper.js --file C:\Users\bligh\Dropbox\5.2.2-master\5.2.2-master\app.js --log "Hello World wrapper" --grow 0.25 --wait 1 --maxrestarts 3 --abortonerror n --stopparentfirst undefined
2017-10-21 13:38:42 - Started 5888
2017-10-22 12:55:06 - Starting C:\Program Files\nodejs\node.exe  --harmony --max_old_space_size=4096 C:\Users\bligh\AppData\Roaming\npm\node_modules\node-windows\lib\wrapper.js --file C:\Users\bligh\Dropbox\5.2.2-master\5.2.2-master\app.js --log "Hello World wrapper" --grow 0.25 --wait 1 --maxrestarts 3 --abortonerror n --stopparentfirst undefined
2017-10-22 12:55:11 - Started 4996
2017-10-22 13:08:31 - Stopping helloworld.exe
2017-10-22 13:08:31 - ProcessKill 4996
2017-10-22 13:08:34 - Shutdown exception
Message:A system shutdown is in progress. (Exception from HRESULT: 0x8007045B)
Stacktrace:   at System.Runtime.InteropServices.Marshal.ThrowExceptionForHRInternal(Int32 errorCode, IntPtr errorInfo)
   at System.Management.ManagementScope.InitializeGuts(Object o)
   at System.Management.ManagementScope.Initialize()
   at System.Management.ManagementObjectSearcher.Initialize()
   at System.Management.ManagementObjectSearcher.Get()
   at winsw.WrapperService.GetChildPids(Int32 pid)
   at winsw.WrapperService.StopProcessAndChildren(Int32 pid)
   at winsw.WrapperService.StopIt()
   at winsw.WrapperService.OnShutdown()
2017-10-22 13:09:22 - Starting C:\Program Files\nodejs\node.exe  --harmony --max_old_space_size=4096 C:\Users\bligh\AppData\Roaming\npm\node_modules\node-windows\lib\wrapper.js --file C:\Users\bligh\Dropbox\5.2.2-master\5.2.2-master\app.js --log "Hello World wrapper" --grow 0.25 --wait 1 --maxrestarts 3 --abortonerror n --stopparentfirst undefined
2017-10-22 13:09:22 - Started 5124
2017-10-22 13:53:51 - Starting C:\Program Files\nodejs\node.exe  --harmony --max_old_space_size=4096 C:\Users\bligh\AppData\Roaming\npm\node_modules\node-windows\lib\wrapper.js --file C:\Users\bligh\Dropbox\5.2.2-master\5.2.2-master\app.js --log "Hello World wrapper" --grow 0.25 --wait 1 --maxrestarts 3 --abortonerror n --stopparentfirst undefined
2017-10-22 13:53:51 - Started 4996
2017-10-24 10:14:25 - Starting C:\Program Files\nodejs\node.exe  --harmony --max_old_space_size=4096 C:\Users\bligh\AppData\Roaming\npm\node_modules\node-windows\lib\wrapper.js --file C:\Users\bligh\Dropbox\5.2.2-master\5.2.2-master\app.js --log "Hello World wrapper" --grow 0.25 --wait 1 --maxrestarts 3 --abortonerror n --stopparentfirst undefined
2017-10-24 10:14:25 - Started 4804
2017-10-26 08:43:52 - Stopping helloworld.exe
2017-10-26 08:43:52 - ProcessKill 4804
2017-10-26 08:43:52 - Found child process: 4924 Name: conhost.exe
2017-10-26 08:43:52 - Found child process: 8780 Name: node.exe
2017-10-26 08:43:53 - Stopping process 4924
2017-10-26 08:43:53 - Send SIGINT 4924
2017-10-26 08:43:53 - SIGINT to 4924 failed - Killing as fallback
2017-10-26 08:43:53 - Stopping process 8780
2017-10-26 08:43:53 - Send SIGINT 8780
2017-10-26 08:43:53 - SIGINT to 8780 failed - Killing as fallback
2017-10-26 08:43:53 - Stopping process 4804
2017-10-26 08:43:53 - Send SIGINT 4804
2017-10-26 08:43:53 - SIGINT to 4804 failed - Killing as fallback
2017-10-26 08:43:53 - Finished helloworld.exe
2017-10-26 08:49:30 - Starting C:\Program Files\nodejs\node.exe  --harmony --max_old_space_size=4096 C:\Users\bligh\AppData\Roaming\npm\node_modules\node-windows\lib\wrapper.js --file C:\Users\bligh\Dropbox\5.2.2-master\5.2.2-master\app.js --log "Hello World wrapper" --grow 0.25 --wait 1 --maxrestarts 3 --abortonerror n --stopparentfirst undefined
2017-10-26 08:49:30 - Started 4636
2017-10-26 09:22:47 - Stopping helloworld.exe
2017-10-26 09:22:47 - ProcessKill 4636
2017-10-26 09:22:49 - Shutdown exception
Message:A system shutdown is in progress. (Exception from HRESULT: 0x8007045B)
Stacktrace:   at System.Runtime.InteropServices.Marshal.ThrowExceptionForHRInternal(Int32 errorCode, IntPtr errorInfo)
   at System.Management.ManagementScope.InitializeGuts(Object o)
   at System.Management.ManagementScope.Initialize()
   at System.Management.ManagementObjectSearcher.Initialize()
   at System.Management.ManagementObjectSearcher.Get()
   at winsw.WrapperService.GetChildPids(Int32 pid)
   at winsw.WrapperService.StopProcessAndChildren(Int32 pid)
   at winsw.WrapperService.StopIt()
   at winsw.WrapperService.OnShutdown()
2017-10-26 09:25:55 - Starting C:\Program Files\nodejs\node.exe  --harmony --max_old_space_size=4096 C:\Users\bligh\AppData\Roaming\npm\node_modules\node-windows\lib\wrapper.js --file C:\Users\bligh\Dropbox\5.2.2-master\5.2.2-master\app.js --log "Hello World wrapper" --grow 0.25 --wait 1 --maxrestarts 3 --abortonerror n --stopparentfirst undefined
2017-10-26 09:25:55 - Started 5116
