Wed Jul 04 2018 13:27:21 GMT-0700 (Pacific Daylight Time) Zip processing started.
Wed Jul 04 2018 17:13:11 GMT-0700 (Pacific Daylight Time) Zip processing started.
Status of File Zip: 5000 files to be zipped.
Status of File Zip: 1 chunk(s) required.
Directory created: ./public/photoZipChunks0
Status of File Zip: the file to be zipped is C:\Users\bligh\Dropbox\C7.0.1-MASTER\C7_JH_JUN112018-master\public\photoZipChunks0\
Status of File Zip: the 0 chunk is zipped.
Thu Jul 05 2018 21:48:37 GMT-0700 (Pacific Daylight Time) Zip processing started.
Status of File Zip: 90000 files to be zipped.
Status of File Zip: 4 chunk(s) required.
Directory created: ./public/photoZipChunks0
Directory created: ./public/photoZipChunks2
Directory created: ./public/photoZipChunks1
Directory created: ./public/photoZipChunks3
Status of File Zip: the file to be zipped is C:\Users\bligh\Dropbox\C7.0.1-MASTER\C7_JH_JUN112018-master\public\photoZipChunks2\
Status of File Zip: the 2 chunk is zipped.
Status of File Zip: the file to be zipped is C:\Users\bligh\Dropbox\C7.0.1-MASTER\C7_JH_JUN112018-master\public\photoZipChunks3\
Status of File Zip: the 3 chunk is zipped.
Status of File Zip: the file to be zipped is C:\Users\bligh\Dropbox\C7.0.1-MASTER\C7_JH_JUN112018-master\public\photoZipChunks0\
Status of File Zip: the 0 chunk is zipped.
Status of File Zip: the file to be zipped is C:\Users\bligh\Dropbox\C7.0.1-MASTER\C7_JH_JUN112018-master\public\photoZipChunks1\
Status of File Zip: the 1 chunk is zipped.
