C://Mobss Export//
C:/Mobss Export/
C:/Mobss Export/
C:\Mobss Export\
People file reformatter: reformatted file ./public/test1.csv being processed.
People file reformatter: reformatted file ./public/test1.csv has been written.
People file reformatter: reformatted file ./public/test1.csv being processed.
People file reformatter: reformatted file ./public/test1.csv has been written.
People file reformatter utility: reformatted file ./public/test1.csv being processed.
People file reformatter utility: reformatted file ./public/reports/cardholderDataReformatted1530844063221.csv has been written.
Thu Jul 05 2018 19:30:06 GMT-0700 (Pacific Daylight Time) people file reformatting started.
People file reformatter utility: reformatted file ./public/test1.csv being processed.
People file reformatter utility: reformatted file ./public/reports/cardholderDataReformatted1530844206673.csv has been written.
--
Thu Jul 05 2018 19:31:18 GMT-0700 (Pacific Daylight Time) people file reformatting started.
People file reformatter utility: reformatted file ./public/test1.csv being processed.
People file reformatter utility: reformatted file ./public/reports/cardholderDataReformatted1530844278033.csv has been written.
--
Thu Jul 05 2018 19:39:28 GMT-0700 (Pacific Daylight Time) people file reformatting started.
People file reformatter utility: reformatted file ./public/test1.csv being processed.
People file reformatter utility: reformatted file ./public/reports/cardholderDataReformatted1530844768496.csv has been written.
